2017-05-09 15:49:04.8856|DEBUG|IWMS_LocationClient.src.bll.UdpClient|UdpClient thread running...
2017-05-09 15:49:04.9876|INFO|IWMS_LocationClient.src.bll.LocationClient|===> Regist { "terminalType": "TERMINAL_TYPE_WINPC", "softwareVersion": "0.1.0.0" }
2017-05-09 15:49:04.9946|DEBUG|IWMS_LocationClient.src.bll.UdpClient|VideoServer Udp Server started!
2017-05-09 15:49:04.9946|DEBUG|IWMS_LocationClient.src.bll.UdpClient|begin receive...
2017-05-09 15:49:05.0956|INFO|IWMS_LocationClient.src.bll.LocationClient|<=== Regist response { "sessionId": "CC131387897450696704" }
2017-05-09 15:49:05.1036|INFO|IWMS_LocationClient.src.bll.LocationClient|===> GetScenes { "dataType": "DATA_TYPE_SCENES" }
2017-05-09 15:49:05.3636|INFO|IWMS_LocationClient.src.bll.LocationClient|<=== GetScenes response
2017-05-09 15:49:05.3846|INFO|IWMS_LocationClient.src.bll.LocationClient|===> GetAnchors { "dataType": "DATA_TYPE_ANCHORS" }
2017-05-09 15:49:05.3986|INFO|IWMS_LocationClient.src.bll.LocationClient|<=== GetAnchors response
2017-05-09 15:49:05.3986|INFO|IWMS_LocationClient.src.bll.LocationClient|===> GetTags { "dataType": "DATA_TYPE_TAGS" }
2017-05-09 15:49:05.3986|INFO|IWMS_LocationClient.src.bll.LocationClient|<=== GetTags response
2017-05-09 15:49:05.4296|INFO|IWMS_LocationClient.src.bll.LocationClient|===> Subscribe { "sessionId": "CC131387897450696704", "port": 50053 }
2017-05-09 15:49:05.4436|INFO|IWMS_LocationClient.src.bll.LocationClient|<=== Subscribe response { }
2017-05-09 15:49:06.8017|INFO|IWMS_LocationClient.src.bll.UdpClient|<---: { "terminalId": "TerminalID", "msgId": "MSG_ID_NOTIFY", "data": { "subjectData": { "tagLocation": { "tagSn": "1001", "distanceData": [ { "anchorSn": "ANCHOR0001", "distance": 1 }, { "anchorSn": "ANCHOR0002", "distance": 1 }, { "anchorSn": "ANCHOR0003", "distance": 1 } ] } } } }
2017-05-09 15:49:16.6293|INFO|IWMS_LocationClient.src.bll.UdpClient|<---: { "terminalId": "TerminalID", "msgId": "MSG_ID_NOTIFY", "data": { "subjectData": { "tagLocation": { "tagSn": "1001", "distanceData": [ { "anchorSn": "ANCHOR0001", "distance": 1 }, { "anchorSn": "ANCHOR0002", "distance": 1 }, { "anchorSn": "ANCHOR0003", "distance": 1 } ] } } } }
2017-05-09 15:49:26.6139|INFO|IWMS_LocationClient.src.bll.UdpClient|<---: { "terminalId": "TerminalID", "msgId": "MSG_ID_NOTIFY", "data": { "subjectData": { "tagLocation": { "tagSn": "1001", "distanceData": [ { "anchorSn": "ANCHOR0001", "distance": 1 }, { "anchorSn": "ANCHOR0002", "distance": 1 }, { "anchorSn": "ANCHOR0003", "distance": 1 } ] } } } }
2017-05-09 15:49:36.6114|INFO|IWMS_LocationClient.src.bll.UdpClient|<---: { "terminalId": "TerminalID", "msgId": "MSG_ID_NOTIFY", "data": { "subjectData": { "tagLocation": { "tagSn": "1001", "distanceData": [ { "anchorSn": "ANCHOR0001", "distance": 1 }, { "anchorSn": "ANCHOR0002", "distance": 1 }, { "anchorSn": "ANCHOR0003", "distance": 1 } ] } } } }
2017-05-09 15:49:46.6180|INFO|IWMS_LocationClient.src.bll.UdpClient|<---: { "terminalId": "TerminalID", "msgId": "MSG_ID_NOTIFY", "data": { "subjectData": { "tagLocation": { "tagSn": "1001", "distanceData": [ { "anchorSn": "ANCHOR0001", "distance": 1 }, { "anchorSn": "ANCHOR0002", "distance": 1 }, { "anchorSn": "ANCHOR0003", "distance": 1 } ] } } } }
2017-05-09 15:49:56.6276|INFO|IWMS_LocationClient.src.bll.UdpClient|<---: { "terminalId": "TerminalID", "msgId": "MSG_ID_NOTIFY", "data": { "subjectData": { "tagLocation": { "tagSn": "1001", "distanceData": [ { "anchorSn": "ANCHOR0001", "distance": 1 }, { "anchorSn": "ANCHOR0002", "distance": 1 }, { "anchorSn": "ANCHOR0003", "distance": 1 } ] } } } }
2017-05-09 15:50:06.6241|INFO|IWMS_LocationClient.src.bll.UdpClient|<---: { "terminalId": "TerminalID", "msgId": "MSG_ID_NOTIFY", "data": { "subjectData": { "tagLocation": { "tagSn": "1001", "distanceData": [ { "anchorSn": "ANCHOR0001", "distance": 1 }, { "anchorSn": "ANCHOR0002", "distance": 1 }, { "anchorSn": "ANCHOR0003", "distance": 1 } ] } } } }
2017-05-09 15:50:16.6137|INFO|IWMS_LocationClient.src.bll.UdpClient|<---: { "terminalId": "TerminalID", "msgId": "MSG_ID_NOTIFY", "data": { "subjectData": { "tagLocation": { "tagSn": "1001", "distanceData": [ { "anchorSn": "ANCHOR0001", "distance": 1 }, { "anchorSn": "ANCHOR0002", "distance": 1 }, { "anchorSn": "ANCHOR0003", "distance": 1 } ] } } } }
2017-05-09 15:50:26.6153|INFO|IWMS_LocationClient.src.bll.UdpClient|<---: { "terminalId": "TerminalID", "msgId": "MSG_ID_NOTIFY", "data": { "subjectData": { "tagLocation": { "tagSn": "1001", "distanceData": [ { "anchorSn": "ANCHOR0001", "distance": 1 }, { "anchorSn": "ANCHOR0002", "distance": 1 }, { "anchorSn": "ANCHOR0003", "distance": 1 } ] } } } }
2017-05-09 15:50:36.6099|INFO|IWMS_LocationClient.src.bll.UdpClient|<---: { "terminalId": "TerminalID", "msgId": "MSG_ID_NOTIFY", "data": { "subjectData": { "tagLocation": { "tagSn": "1001", "distanceData": [ { "anchorSn": "ANCHOR0001", "distance": 1 }, { "anchorSn": "ANCHOR0002", "distance": 1 }, { "anchorSn": "ANCHOR0003", "distance": 1 } ] } } } }
2017-05-09 15:50:46.7054|INFO|IWMS_LocationClient.src.bll.UdpClient|<---: { "terminalId": "TerminalID", "msgId": "MSG_ID_NOTIFY", "data": { "subjectData": { "tagLocation": { "tagSn": "1001", "distanceData": [ { "anchorSn": "ANCHOR0001", "distance": 1 }, { "anchorSn": "ANCHOR0002", "distance": 1 }, { "anchorSn": "ANCHOR0003", "distance": 1 } ] } } } }
