2017-05-09 09:53:04.8367|INFO|IWMS_LocationClient.src.bll.LocationClient|===> Regist { "terminalType": "TERMINAL_TYPE_WINPC", "softwareVersion": "0.1.0.0" }
2017-05-09 09:53:06.2408|ERROR|IWMS_LocationClient.src.bll.LocationClient|Grpc.Core.RpcException: Status(StatusCode=Unavailable, Detail="Connect Failed")
   在 System.Runtime.CompilerServices.TaskAwaiter.ThrowForNonSuccess(Task task)
   在 System.Runtime.CompilerServices.TaskAwaiter.HandleNonSuccessAndDebuggerNotification(Task task)
   在 Grpc.Core.Internal.AsyncCall`2.UnaryCall(TRequest msg)
   在 Grpc.Core.Calls.BlockingUnaryCall[TRequest,TResponse](CallInvocationDetails`2 call, TRequest req)
   在 Grpc.Core.DefaultCallInvoker.BlockingUnaryCall[TRequest,TResponse](Method`2 method, String host, CallOptions options, TRequest request)
   在 Grpc.Core.Internal.InterceptingCallInvoker.BlockingUnaryCall[TRequest,TResponse](Method`2 method, String host, CallOptions options, TRequest request)
   在 grpc.location.Location.LocationClient.DoRegist(TerminalInfo request, CallOptions options) 位置 D:\git\IWMS_LocationSystem\IWMS_LocationCommon\grpc\ProtocolGrpc.cs:行号 147
   在 grpc.location.Location.LocationClient.DoRegist(TerminalInfo request, Metadata headers, Nullable`1 deadline, CancellationToken cancellationToken) 位置 D:\git\IWMS_LocationSystem\IWMS_LocationCommon\grpc\ProtocolGrpc.cs:行号 143
   在 IWMS_LocationClient.src.bll.LocationClient.Regist() 位置 D:\git\IWMS_LocationSystem\IWMS_LocationClient\src\bll\LocationClient.cs:行号 36
2017-05-09 09:53:07.2539|INFO|IWMS_LocationClient.src.bll.LocationClient|===> Regist { "terminalType": "TERMINAL_TYPE_WINPC", "softwareVersion": "0.1.0.0" }
2017-05-09 09:53:26.0839|ERROR|IWMS_LocationClient.src.bll.LocationClient|Grpc.Core.RpcException: Status(StatusCode=Unavailable, Detail="Connect Failed")
   在 System.Runtime.CompilerServices.TaskAwaiter.ThrowForNonSuccess(Task task)
   在 System.Runtime.CompilerServices.TaskAwaiter.HandleNonSuccessAndDebuggerNotification(Task task)
   在 Grpc.Core.Internal.AsyncCall`2.UnaryCall(TRequest msg)
   在 Grpc.Core.Calls.BlockingUnaryCall[TRequest,TResponse](CallInvocationDetails`2 call, TRequest req)
   在 Grpc.Core.DefaultCallInvoker.BlockingUnaryCall[TRequest,TResponse](Method`2 method, String host, CallOptions options, TRequest request)
   在 Grpc.Core.Internal.InterceptingCallInvoker.BlockingUnaryCall[TRequest,TResponse](Method`2 method, String host, CallOptions options, TRequest request)
   在 grpc.location.Location.LocationClient.DoRegist(TerminalInfo request, CallOptions options) 位置 D:\git\IWMS_LocationSystem\IWMS_LocationCommon\grpc\ProtocolGrpc.cs:行号 147
   在 grpc.location.Location.LocationClient.DoRegist(TerminalInfo request, Metadata headers, Nullable`1 deadline, CancellationToken cancellationToken) 位置 D:\git\IWMS_LocationSystem\IWMS_LocationCommon\grpc\ProtocolGrpc.cs:行号 143
   在 IWMS_LocationClient.src.bll.LocationClient.Regist() 位置 D:\git\IWMS_LocationSystem\IWMS_LocationClient\src\bll\LocationClient.cs:行号 36
2017-05-09 09:53:27.0960|INFO|IWMS_LocationClient.src.bll.LocationClient|===> Regist { "terminalType": "TERMINAL_TYPE_WINPC", "softwareVersion": "0.1.0.0" }
