2017-05-09 14:59:10.8001|DEBUG|IWMS_LocationClient.src.bll.UdpClient|UdpClient thread running...
2017-05-09 14:59:10.8981|INFO|IWMS_LocationClient.src.bll.LocationClient|===> Regist { "terminalType": "TERMINAL_TYPE_WINPC", "softwareVersion": "0.1.0.0" }
2017-05-09 14:59:10.9191|DEBUG|IWMS_LocationClient.src.bll.UdpClient|VideoServer Udp Server started!
2017-05-09 14:59:10.9191|DEBUG|IWMS_LocationClient.src.bll.UdpClient|begin receive...
2017-05-09 14:59:11.1041|INFO|IWMS_LocationClient.src.bll.LocationClient|<=== Regist response { "sessionId": "CC131387867510591480" }
2017-05-09 14:59:11.1131|INFO|IWMS_LocationClient.src.bll.LocationClient|===> GetScenes { "dataType": "DATA_TYPE_SCENES" }
2017-05-09 14:59:11.3861|INFO|IWMS_LocationClient.src.bll.LocationClient|<=== GetScenes response
2017-05-09 14:59:11.4051|INFO|IWMS_LocationClient.src.bll.LocationClient|===> GetAnchors { "dataType": "DATA_TYPE_ANCHORS" }
2017-05-09 14:59:11.4201|INFO|IWMS_LocationClient.src.bll.LocationClient|<=== GetAnchors response
2017-05-09 14:59:11.4201|INFO|IWMS_LocationClient.src.bll.LocationClient|===> GetTags { "dataType": "DATA_TYPE_TAGS" }
2017-05-09 14:59:11.4351|INFO|IWMS_LocationClient.src.bll.LocationClient|<=== GetTags response
2017-05-09 14:59:11.4351|INFO|IWMS_LocationClient.src.bll.LocationClient|===> Subscribe { "sessionId": "CC131387867510591480", "port": 50053 }
2017-05-09 14:59:11.4501|INFO|IWMS_LocationClient.src.bll.LocationClient|<=== Subscribe response { }
2017-05-09 14:59:16.7324|INFO|IWMS_LocationClient.src.bll.UdpClient|<---: { "terminalId": "TerminalID", "msgId": "MSG_ID_NOTIFY", "data": { "subjectData": { "tagLocation": { "tagSn": "1001", "distanceData": [ { "anchorSn": "ANCHOR0001", "distance": 1 }, { "anchorSn": "ANCHOR0002", "distance": 1 }, { "anchorSn": "ANCHOR0003", "distance": 1 } ] } } } }
2017-05-09 14:59:26.5620|INFO|IWMS_LocationClient.src.bll.UdpClient|<---: { "terminalId": "TerminalID", "msgId": "MSG_ID_NOTIFY", "data": { "subjectData": { "tagLocation": { "tagSn": "1001", "distanceData": [ { "anchorSn": "ANCHOR0001", "distance": 1 }, { "anchorSn": "ANCHOR0002", "distance": 1 }, { "anchorSn": "ANCHOR0003", "distance": 1 } ] } } } }
2017-05-09 14:59:36.5456|INFO|IWMS_LocationClient.src.bll.UdpClient|<---: { "terminalId": "TerminalID", "msgId": "MSG_ID_NOTIFY", "data": { "subjectData": { "tagLocation": { "tagSn": "1001", "distanceData": [ { "anchorSn": "ANCHOR0001", "distance": 1 }, { "anchorSn": "ANCHOR0002", "distance": 1 }, { "anchorSn": "ANCHOR0003", "distance": 1 } ] } } } }
2017-05-09 14:59:46.5491|INFO|IWMS_LocationClient.src.bll.UdpClient|<---: { "terminalId": "TerminalID", "msgId": "MSG_ID_NOTIFY", "data": { "subjectData": { "tagLocation": { "tagSn": "1001", "distanceData": [ { "anchorSn": "ANCHOR0001", "distance": 1 }, { "anchorSn": "ANCHOR0002", "distance": 1 }, { "anchorSn": "ANCHOR0003", "distance": 1 } ] } } } }
2017-05-09 14:59:56.5717|INFO|IWMS_LocationClient.src.bll.UdpClient|<---: { "terminalId": "TerminalID", "msgId": "MSG_ID_NOTIFY", "data": { "subjectData": { "tagLocation": { "tagSn": "1001", "distanceData": [ { "anchorSn": "ANCHOR0001", "distance": 1 }, { "anchorSn": "ANCHOR0002", "distance": 1 }, { "anchorSn": "ANCHOR0003", "distance": 1 } ] } } } }
2017-05-09 15:00:06.5473|INFO|IWMS_LocationClient.src.bll.UdpClient|<---: { "terminalId": "TerminalID", "msgId": "MSG_ID_NOTIFY", "data": { "subjectData": { "tagLocation": { "tagSn": "1001", "distanceData": [ { "anchorSn": "ANCHOR0001", "distance": 1 }, { "anchorSn": "ANCHOR0002", "distance": 1 }, { "anchorSn": "ANCHOR0003", "distance": 1 } ] } } } }
2017-05-09 15:00:16.5478|INFO|IWMS_LocationClient.src.bll.UdpClient|<---: { "terminalId": "TerminalID", "msgId": "MSG_ID_NOTIFY", "data": { "subjectData": { "tagLocation": { "tagSn": "1001", "distanceData": [ { "anchorSn": "ANCHOR0001", "distance": 1 }, { "anchorSn": "ANCHOR0002", "distance": 1 }, { "anchorSn": "ANCHOR0003", "distance": 1 } ] } } } }
2017-05-09 15:00:26.5604|INFO|IWMS_LocationClient.src.bll.UdpClient|<---: { "terminalId": "TerminalID", "msgId": "MSG_ID_NOTIFY", "data": { "subjectData": { "tagLocation": { "tagSn": "1001", "distanceData": [ { "anchorSn": "ANCHOR0001", "distance": 1 }, { "anchorSn": "ANCHOR0002", "distance": 1 }, { "anchorSn": "ANCHOR0003", "distance": 1 } ] } } } }
2017-05-09 15:00:36.5510|INFO|IWMS_LocationClient.src.bll.UdpClient|<---: { "terminalId": "TerminalID", "msgId": "MSG_ID_NOTIFY", "data": { "subjectData": { "tagLocation": { "tagSn": "1001", "distanceData": [ { "anchorSn": "ANCHOR0001", "distance": 1 }, { "anchorSn": "ANCHOR0002", "distance": 1 }, { "anchorSn": "ANCHOR0003", "distance": 1 } ] } } } }
