2017-05-09 14:35:49.8410|INFO|IWMS_LocationServer.src.bll.SerialPortDevice|Open SerialPort! COM3, 115200
2017-05-09 14:35:52.6641|INFO|IWMS_LocationServer.src.bll.LocationInfoParser|T:8000,S:3700,A:ANCHOR0001,D:1.00000,A:ANCHOR0002,D:1.00000,A:ANCHOR0003,D:1.00000
2017-05-09 14:35:52.6641|DEBUG|IWMS_LocationServer.src.bll.LocationInfoParser|########### mac_address ANCHOR0001

2017-05-09 14:35:52.7611|INFO|IWMS_LocationSystem.src.dal.SQLiteHelper|[SQL]: SELECT * FROM anchor
2017-05-09 14:35:52.8011|INFO|IWMS_LocationSystem.src.dal.SQLiteHelper|[RET]: 3
2017-05-09 14:35:52.8011|DEBUG|IWMS_LocationServer.src.bll.LocationInfoParser|@@@@@@@@@@@ SceneId 1

2017-05-09 14:35:52.8011|DEBUG|IWMS_LocationServer.src.bll.LocationInfoParser|########### mac_address ANCHOR0002

2017-05-09 14:35:52.8011|DEBUG|IWMS_LocationServer.src.bll.LocationInfoParser|@@@@@@@@@@@ SceneId 1

2017-05-09 14:35:52.8011|DEBUG|IWMS_LocationServer.src.bll.LocationInfoParser|########### mac_address ANCHOR0003

2017-05-09 14:35:52.8011|DEBUG|IWMS_LocationServer.src.bll.LocationInfoParser|@@@@@@@@@@@ SceneId 1

2017-05-09 14:35:59.4865|INFO|IWMS_LocationSystem.src.dal.SQLiteHelper|[SQL]: SELECT * FROM scene;
2017-05-09 14:35:59.4915|INFO|IWMS_LocationSystem.src.dal.SQLiteHelper|[RET]: 2
2017-05-09 14:35:59.6265|INFO|IWMS_LocationSystem.src.dal.SQLiteHelper|[SQL]: SELECT * FROM tag;
2017-05-09 14:35:59.6265|INFO|IWMS_LocationSystem.src.dal.SQLiteHelper|[RET]: 0
2017-05-09 14:36:02.6067|INFO|IWMS_LocationServer.src.bll.LocationInfoParser|T:8000,S:3700,A:ANCHOR0001,D:1.00000,A:ANCHOR0002,D:1.00000,A:ANCHOR0003,D:1.00000
2017-05-09 14:36:02.6067|DEBUG|IWMS_LocationServer.src.bll.LocationInfoParser|########### mac_address ANCHOR0001

2017-05-09 14:36:02.6067|DEBUG|IWMS_LocationServer.src.bll.LocationInfoParser|@@@@@@@@@@@ SceneId 1

2017-05-09 14:36:02.6067|DEBUG|IWMS_LocationServer.src.bll.LocationInfoParser|########### mac_address ANCHOR0002

2017-05-09 14:36:02.6067|DEBUG|IWMS_LocationServer.src.bll.LocationInfoParser|@@@@@@@@@@@ SceneId 1

2017-05-09 14:36:02.6107|DEBUG|IWMS_LocationServer.src.bll.LocationInfoParser|########### mac_address ANCHOR0003

2017-05-09 14:36:02.6107|DEBUG|IWMS_LocationServer.src.bll.LocationInfoParser|@@@@@@@@@@@ SceneId 1

2017-05-09 14:36:02.7497|INFO|IWMS_LocationServer.src.bll.Session|===>: { "terminalId": "TerminalID", "msgId": "MSG_ID_NOTIFY", "data": { "subjectData": { "tagLocation": { "tagSn": "8000", "distanceData": [ { "anchorSn": "ANCHOR0001", "distance": 1 }, { "anchorSn": "ANCHOR0002", "distance": 1 }, { "anchorSn": "ANCHOR0003", "distance": 1 } ] } } } }
2017-05-09 14:36:07.5710|INFO|IWMS_LocationServer.src.bll.Session|timeout!
2017-05-09 14:36:12.6083|INFO|IWMS_LocationServer.src.bll.LocationInfoParser|T:8000,S:3700,A:ANCHOR0001,D:1.00000,A:ANCHOR0002,D:1.00000,A:ANCHOR0003,D:1.00000
2017-05-09 14:36:12.6083|DEBUG|IWMS_LocationServer.src.bll.LocationInfoParser|########### mac_address ANCHOR0001

2017-05-09 14:36:12.6103|DEBUG|IWMS_LocationServer.src.bll.LocationInfoParser|@@@@@@@@@@@ SceneId 1

2017-05-09 14:36:12.6103|DEBUG|IWMS_LocationServer.src.bll.LocationInfoParser|########### mac_address ANCHOR0002

2017-05-09 14:36:12.6103|DEBUG|IWMS_LocationServer.src.bll.LocationInfoParser|@@@@@@@@@@@ SceneId 1

2017-05-09 14:36:12.6103|DEBUG|IWMS_LocationServer.src.bll.LocationInfoParser|########### mac_address ANCHOR0003

2017-05-09 14:36:12.6103|DEBUG|IWMS_LocationServer.src.bll.LocationInfoParser|@@@@@@@@@@@ SceneId 1

2017-05-09 14:36:22.6428|INFO|IWMS_LocationServer.src.bll.LocationInfoParser|T:8000,S:3700,A:ANCHOR0001,D:1.00000,A:ANCHOR0002,D:1.00000,A:ANCHOR0003,D:1.00000
2017-05-09 14:36:22.6428|DEBUG|IWMS_LocationServer.src.bll.LocationInfoParser|########### mac_address ANCHOR0001

2017-05-09 14:36:22.6428|DEBUG|IWMS_LocationServer.src.bll.LocationInfoParser|@@@@@@@@@@@ SceneId 1

2017-05-09 14:36:22.6428|DEBUG|IWMS_LocationServer.src.bll.LocationInfoParser|########### mac_address ANCHOR0002

2017-05-09 14:36:22.6428|DEBUG|IWMS_LocationServer.src.bll.LocationInfoParser|@@@@@@@@@@@ SceneId 1

2017-05-09 14:36:22.6428|DEBUG|IWMS_LocationServer.src.bll.LocationInfoParser|########### mac_address ANCHOR0003

2017-05-09 14:36:22.6428|DEBUG|IWMS_LocationServer.src.bll.LocationInfoParser|@@@@@@@@@@@ SceneId 1

2017-05-09 14:36:22.6428|INFO|IWMS_LocationServer.src.bll.Session|===>: { "terminalId": "TerminalID", "msgId": "MSG_ID_NOTIFY", "data": { "subjectData": { "tagLocation": { "tagSn": "8000", "distanceData": [ { "anchorSn": "ANCHOR0001", "distance": 1 }, { "anchorSn": "ANCHOR0002", "distance": 1 }, { "anchorSn": "ANCHOR0003", "distance": 1 } ] } } } }
2017-05-09 14:36:32.6074|INFO|IWMS_LocationServer.src.bll.LocationInfoParser|T:8000,S:3700,A:ANCHOR0001,D:1.00000,A:ANCHOR0002,D:1.00000,A:ANCHOR0003,D:1.00000
2017-05-09 14:36:32.6074|DEBUG|IWMS_LocationServer.src.bll.LocationInfoParser|########### mac_address ANCHOR0001

2017-05-09 14:36:32.6104|DEBUG|IWMS_LocationServer.src.bll.LocationInfoParser|@@@@@@@@@@@ SceneId 1

2017-05-09 14:36:32.6104|DEBUG|IWMS_LocationServer.src.bll.LocationInfoParser|########### mac_address ANCHOR0002

2017-05-09 14:36:32.6104|DEBUG|IWMS_LocationServer.src.bll.LocationInfoParser|@@@@@@@@@@@ SceneId 1

2017-05-09 14:36:32.6104|DEBUG|IWMS_LocationServer.src.bll.LocationInfoParser|########### mac_address ANCHOR0003

2017-05-09 14:36:32.6104|DEBUG|IWMS_LocationServer.src.bll.LocationInfoParser|@@@@@@@@@@@ SceneId 1

2017-05-09 14:36:32.6104|INFO|IWMS_LocationServer.src.bll.Session|===>: { "terminalId": "TerminalID", "msgId": "MSG_ID_NOTIFY", "data": { "subjectData": { "tagLocation": { "tagSn": "8000", "distanceData": [ { "anchorSn": "ANCHOR0001", "distance": 1 }, { "anchorSn": "ANCHOR0002", "distance": 1 }, { "anchorSn": "ANCHOR0003", "distance": 1 } ] } } } }
2017-05-09 14:36:42.6080|INFO|IWMS_LocationServer.src.bll.LocationInfoParser|T:8000,S:3700,A:ANCHOR0001,D:1.00000,A:ANCHOR0002,D:1.00000,A:ANCHOR0003,D:1.00000
2017-05-09 14:36:42.6110|DEBUG|IWMS_LocationServer.src.bll.LocationInfoParser|########### mac_address ANCHOR0001

2017-05-09 14:36:42.6110|DEBUG|IWMS_LocationServer.src.bll.LocationInfoParser|@@@@@@@@@@@ SceneId 1

2017-05-09 14:36:42.6110|DEBUG|IWMS_LocationServer.src.bll.LocationInfoParser|########### mac_address ANCHOR0002

2017-05-09 14:36:42.6110|DEBUG|IWMS_LocationServer.src.bll.LocationInfoParser|@@@@@@@@@@@ SceneId 1

2017-05-09 14:36:42.6110|DEBUG|IWMS_LocationServer.src.bll.LocationInfoParser|########### mac_address ANCHOR0003

2017-05-09 14:36:42.6110|DEBUG|IWMS_LocationServer.src.bll.LocationInfoParser|@@@@@@@@@@@ SceneId 1

2017-05-09 14:36:42.6110|INFO|IWMS_LocationServer.src.bll.Session|===>: { "terminalId": "TerminalID", "msgId": "MSG_ID_NOTIFY", "data": { "subjectData": { "tagLocation": { "tagSn": "8000", "distanceData": [ { "anchorSn": "ANCHOR0001", "distance": 1 }, { "anchorSn": "ANCHOR0002", "distance": 1 }, { "anchorSn": "ANCHOR0003", "distance": 1 } ] } } } }
2017-05-09 14:36:52.6075|INFO|IWMS_LocationServer.src.bll.LocationInfoParser|T:8000,S:3700,A:ANCHOR0001,D:1.00000,A:ANCHOR0002,D:1.00000,A:ANCHOR0003,D:1.00000
2017-05-09 14:36:52.6085|DEBUG|IWMS_LocationServer.src.bll.LocationInfoParser|########### mac_address ANCHOR0001

2017-05-09 14:36:52.6085|DEBUG|IWMS_LocationServer.src.bll.LocationInfoParser|@@@@@@@@@@@ SceneId 1

2017-05-09 14:36:52.6085|DEBUG|IWMS_LocationServer.src.bll.LocationInfoParser|########### mac_address ANCHOR0002

2017-05-09 14:36:52.6085|DEBUG|IWMS_LocationServer.src.bll.LocationInfoParser|@@@@@@@@@@@ SceneId 1

2017-05-09 14:36:52.6085|DEBUG|IWMS_LocationServer.src.bll.LocationInfoParser|########### mac_address ANCHOR0003

2017-05-09 14:36:52.6085|DEBUG|IWMS_LocationServer.src.bll.LocationInfoParser|@@@@@@@@@@@ SceneId 1

2017-05-09 14:36:52.6085|INFO|IWMS_LocationServer.src.bll.Session|===>: { "terminalId": "TerminalID", "msgId": "MSG_ID_NOTIFY", "data": { "subjectData": { "tagLocation": { "tagSn": "8000", "distanceData": [ { "anchorSn": "ANCHOR0001", "distance": 1 }, { "anchorSn": "ANCHOR0002", "distance": 1 }, { "anchorSn": "ANCHOR0003", "distance": 1 } ] } } } }
2017-05-09 14:36:57.6568|INFO|IWMS_LocationSystem.src.dal.SQLiteHelper|[SQL]: INSERT INTO tag (sn) VALUES ('TAG0001');SELECT LAST_INSERT_ROWID() NEWID;
2017-05-09 14:36:57.6638|INFO|IWMS_LocationSystem.src.dal.SQLiteHelper|[RET]: 9
2017-05-09 14:36:57.7888|INFO|IWMS_LocationSystem.src.dal.SQLiteHelper|[SQL]: SELECT * FROM tag;
2017-05-09 14:36:57.7888|INFO|IWMS_LocationSystem.src.dal.SQLiteHelper|[RET]: 1
2017-05-09 14:37:00.1720|INFO|IWMS_LocationSystem.src.dal.SQLiteHelper|[SQL]: UPDATE tag SET sn = 'TAG0001' WHERE id = 9;
2017-05-09 14:37:00.1720|INFO|IWMS_LocationSystem.src.dal.SQLiteHelper|[RET]: 1
2017-05-09 14:37:00.2470|INFO|IWMS_LocationSystem.src.dal.SQLiteHelper|[SQL]: SELECT * FROM tag;
2017-05-09 14:37:00.2470|INFO|IWMS_LocationSystem.src.dal.SQLiteHelper|[RET]: 1
2017-05-09 14:37:02.6061|INFO|IWMS_LocationServer.src.bll.LocationInfoParser|T:8000,S:3700,A:ANCHOR0001,D:1.00000,A:ANCHOR0002,D:1.00000,A:ANCHOR0003,D:1.00000
2017-05-09 14:37:02.6061|DEBUG|IWMS_LocationServer.src.bll.LocationInfoParser|########### mac_address ANCHOR0001

2017-05-09 14:37:02.6081|DEBUG|IWMS_LocationServer.src.bll.LocationInfoParser|@@@@@@@@@@@ SceneId 1

2017-05-09 14:37:02.6081|DEBUG|IWMS_LocationServer.src.bll.LocationInfoParser|########### mac_address ANCHOR0002

2017-05-09 14:37:02.6081|DEBUG|IWMS_LocationServer.src.bll.LocationInfoParser|@@@@@@@@@@@ SceneId 1

2017-05-09 14:37:02.6081|DEBUG|IWMS_LocationServer.src.bll.LocationInfoParser|########### mac_address ANCHOR0003

2017-05-09 14:37:02.6081|DEBUG|IWMS_LocationServer.src.bll.LocationInfoParser|@@@@@@@@@@@ SceneId 1

2017-05-09 14:37:02.6081|INFO|IWMS_LocationServer.src.bll.Session|===>: { "terminalId": "TerminalID", "msgId": "MSG_ID_NOTIFY", "data": { "subjectData": { "tagLocation": { "tagSn": "8000", "distanceData": [ { "anchorSn": "ANCHOR0001", "distance": 1 }, { "anchorSn": "ANCHOR0002", "distance": 1 }, { "anchorSn": "ANCHOR0003", "distance": 1 } ] } } } }
2017-05-09 14:37:02.6341|INFO|IWMS_LocationSystem.src.dal.SQLiteHelper|[SQL]: INSERT INTO tag (sn) VALUES ('TAG0002');SELECT LAST_INSERT_ROWID() NEWID;
2017-05-09 14:37:02.6341|INFO|IWMS_LocationSystem.src.dal.SQLiteHelper|[RET]: 10
2017-05-09 14:37:02.7021|INFO|IWMS_LocationSystem.src.dal.SQLiteHelper|[SQL]: SELECT * FROM tag;
2017-05-09 14:37:02.7021|INFO|IWMS_LocationSystem.src.dal.SQLiteHelper|[RET]: 2
2017-05-09 14:37:07.2664|INFO|IWMS_LocationSystem.src.dal.SQLiteHelper|[SQL]: INSERT INTO tag (sn) VALUES ('TAG0003');SELECT LAST_INSERT_ROWID() NEWID;
2017-05-09 14:37:07.2664|INFO|IWMS_LocationSystem.src.dal.SQLiteHelper|[RET]: 11
2017-05-09 14:37:07.3384|INFO|IWMS_LocationSystem.src.dal.SQLiteHelper|[SQL]: SELECT * FROM tag;
2017-05-09 14:37:07.3384|INFO|IWMS_LocationSystem.src.dal.SQLiteHelper|[RET]: 3
2017-05-09 14:37:12.6077|INFO|IWMS_LocationServer.src.bll.LocationInfoParser|T:8000,S:3700,A:ANCHOR0001,D:1.00000,A:ANCHOR0002,D:1.00000,A:ANCHOR0003,D:1.00000
2017-05-09 14:37:12.6077|DEBUG|IWMS_LocationServer.src.bll.LocationInfoParser|########### mac_address ANCHOR0001

2017-05-09 14:37:12.6077|DEBUG|IWMS_LocationServer.src.bll.LocationInfoParser|@@@@@@@@@@@ SceneId 1

2017-05-09 14:37:12.6077|DEBUG|IWMS_LocationServer.src.bll.LocationInfoParser|########### mac_address ANCHOR0002

2017-05-09 14:37:12.6077|DEBUG|IWMS_LocationServer.src.bll.LocationInfoParser|@@@@@@@@@@@ SceneId 1

2017-05-09 14:37:12.6077|DEBUG|IWMS_LocationServer.src.bll.LocationInfoParser|########### mac_address ANCHOR0003

2017-05-09 14:37:12.6077|DEBUG|IWMS_LocationServer.src.bll.LocationInfoParser|@@@@@@@@@@@ SceneId 1

2017-05-09 14:37:12.6077|INFO|IWMS_LocationServer.src.bll.Session|===>: { "terminalId": "TerminalID", "msgId": "MSG_ID_NOTIFY", "data": { "subjectData": { "tagLocation": { "tagSn": "8000", "distanceData": [ { "anchorSn": "ANCHOR0001", "distance": 1 }, { "anchorSn": "ANCHOR0002", "distance": 1 }, { "anchorSn": "ANCHOR0003", "distance": 1 } ] } } } }
2017-05-09 14:37:22.6073|INFO|IWMS_LocationServer.src.bll.LocationInfoParser|T:8000,S:3700,A:ANCHOR0001,D:1.00000,A:ANCHOR0002,D:1.00000,A:ANCHOR0003,D:1.00000
2017-05-09 14:37:22.6073|DEBUG|IWMS_LocationServer.src.bll.LocationInfoParser|########### mac_address ANCHOR0001

2017-05-09 14:37:22.6073|DEBUG|IWMS_LocationServer.src.bll.LocationInfoParser|@@@@@@@@@@@ SceneId 1

2017-05-09 14:37:22.6073|DEBUG|IWMS_LocationServer.src.bll.LocationInfoParser|########### mac_address ANCHOR0002

2017-05-09 14:37:22.6073|DEBUG|IWMS_LocationServer.src.bll.LocationInfoParser|@@@@@@@@@@@ SceneId 1

2017-05-09 14:37:22.6073|DEBUG|IWMS_LocationServer.src.bll.LocationInfoParser|########### mac_address ANCHOR0003

2017-05-09 14:37:22.6073|DEBUG|IWMS_LocationServer.src.bll.LocationInfoParser|@@@@@@@@@@@ SceneId 1

2017-05-09 14:37:22.6073|INFO|IWMS_LocationServer.src.bll.Session|===>: { "terminalId": "TerminalID", "msgId": "MSG_ID_NOTIFY", "data": { "subjectData": { "tagLocation": { "tagSn": "8000", "distanceData": [ { "anchorSn": "ANCHOR0001", "distance": 1 }, { "anchorSn": "ANCHOR0002", "distance": 1 }, { "anchorSn": "ANCHOR0003", "distance": 1 } ] } } } }
2017-05-09 14:37:32.6078|INFO|IWMS_LocationServer.src.bll.LocationInfoParser|T:8000,S:3700,A:ANCHOR0001,D:1.00000,A:ANCHOR0002,D:1.00000,A:ANCHOR0003,D:1.00000
2017-05-09 14:37:32.6078|DEBUG|IWMS_LocationServer.src.bll.LocationInfoParser|########### mac_address ANCHOR0001

2017-05-09 14:37:32.6078|DEBUG|IWMS_LocationServer.src.bll.LocationInfoParser|@@@@@@@@@@@ SceneId 1

2017-05-09 14:37:32.6078|DEBUG|IWMS_LocationServer.src.bll.LocationInfoParser|########### mac_address ANCHOR0002

2017-05-09 14:37:32.6078|DEBUG|IWMS_LocationServer.src.bll.LocationInfoParser|@@@@@@@@@@@ SceneId 1

2017-05-09 14:37:32.6078|DEBUG|IWMS_LocationServer.src.bll.LocationInfoParser|########### mac_address ANCHOR0003

2017-05-09 14:37:32.6078|DEBUG|IWMS_LocationServer.src.bll.LocationInfoParser|@@@@@@@@@@@ SceneId 1

2017-05-09 14:37:32.6078|INFO|IWMS_LocationServer.src.bll.Session|===>: { "terminalId": "TerminalID", "msgId": "MSG_ID_NOTIFY", "data": { "subjectData": { "tagLocation": { "tagSn": "8000", "distanceData": [ { "anchorSn": "ANCHOR0001", "distance": 1 }, { "anchorSn": "ANCHOR0002", "distance": 1 }, { "anchorSn": "ANCHOR0003", "distance": 1 } ] } } } }
2017-05-09 14:37:42.6074|INFO|IWMS_LocationServer.src.bll.LocationInfoParser|T:8000,S:3700,A:ANCHOR0001,D:1.00000,A:ANCHOR0002,D:1.00000,A:ANCHOR0003,D:1.00000
2017-05-09 14:37:42.6074|DEBUG|IWMS_LocationServer.src.bll.LocationInfoParser|########### mac_address ANCHOR0001

2017-05-09 14:37:42.6074|DEBUG|IWMS_LocationServer.src.bll.LocationInfoParser|@@@@@@@@@@@ SceneId 1

2017-05-09 14:37:42.6074|DEBUG|IWMS_LocationServer.src.bll.LocationInfoParser|########### mac_address ANCHOR0002

2017-05-09 14:37:42.6074|DEBUG|IWMS_LocationServer.src.bll.LocationInfoParser|@@@@@@@@@@@ SceneId 1

2017-05-09 14:37:42.6074|DEBUG|IWMS_LocationServer.src.bll.LocationInfoParser|########### mac_address ANCHOR0003

2017-05-09 14:37:42.6074|DEBUG|IWMS_LocationServer.src.bll.LocationInfoParser|@@@@@@@@@@@ SceneId 1

2017-05-09 14:37:42.6074|INFO|IWMS_LocationServer.src.bll.Session|===>: { "terminalId": "TerminalID", "msgId": "MSG_ID_NOTIFY", "data": { "subjectData": { "tagLocation": { "tagSn": "8000", "distanceData": [ { "anchorSn": "ANCHOR0001", "distance": 1 }, { "anchorSn": "ANCHOR0002", "distance": 1 }, { "anchorSn": "ANCHOR0003", "distance": 1 } ] } } } }
2017-05-09 14:37:52.6090|INFO|IWMS_LocationServer.src.bll.LocationInfoParser|T:8000,S:3700,A:ANCHOR0001,D:1.00000,A:ANCHOR0002,D:1.00000,A:ANCHOR0003,D:1.00000
2017-05-09 14:37:52.6090|DEBUG|IWMS_LocationServer.src.bll.LocationInfoParser|########### mac_address ANCHOR0001

2017-05-09 14:37:52.6330|DEBUG|IWMS_LocationServer.src.bll.LocationInfoParser|@@@@@@@@@@@ SceneId 1

2017-05-09 14:37:52.6330|DEBUG|IWMS_LocationServer.src.bll.LocationInfoParser|########### mac_address ANCHOR0002

2017-05-09 14:37:52.6330|DEBUG|IWMS_LocationServer.src.bll.LocationInfoParser|@@@@@@@@@@@ SceneId 1

2017-05-09 14:37:52.6330|DEBUG|IWMS_LocationServer.src.bll.LocationInfoParser|########### mac_address ANCHOR0003

2017-05-09 14:37:52.6330|DEBUG|IWMS_LocationServer.src.bll.LocationInfoParser|@@@@@@@@@@@ SceneId 1

2017-05-09 14:37:52.6330|INFO|IWMS_LocationServer.src.bll.Session|===>: { "terminalId": "TerminalID", "msgId": "MSG_ID_NOTIFY", "data": { "subjectData": { "tagLocation": { "tagSn": "8000", "distanceData": [ { "anchorSn": "ANCHOR0001", "distance": 1 }, { "anchorSn": "ANCHOR0002", "distance": 1 }, { "anchorSn": "ANCHOR0003", "distance": 1 } ] } } } }
2017-05-09 14:38:02.6085|INFO|IWMS_LocationServer.src.bll.LocationInfoParser|T:8000,S:3700,A:ANCHOR0001,D:1.00000,A:ANCHOR0002,D:1.00000,A:ANCHOR0003,D:1.00000
2017-05-09 14:38:02.6085|DEBUG|IWMS_LocationServer.src.bll.LocationInfoParser|########### mac_address ANCHOR0001

2017-05-09 14:38:02.6085|DEBUG|IWMS_LocationServer.src.bll.LocationInfoParser|@@@@@@@@@@@ SceneId 1

2017-05-09 14:38:02.6085|DEBUG|IWMS_LocationServer.src.bll.LocationInfoParser|########### mac_address ANCHOR0002

2017-05-09 14:38:02.6085|DEBUG|IWMS_LocationServer.src.bll.LocationInfoParser|@@@@@@@@@@@ SceneId 1

2017-05-09 14:38:02.6085|DEBUG|IWMS_LocationServer.src.bll.LocationInfoParser|########### mac_address ANCHOR0003

2017-05-09 14:38:02.6085|DEBUG|IWMS_LocationServer.src.bll.LocationInfoParser|@@@@@@@@@@@ SceneId 1

2017-05-09 14:38:02.6085|INFO|IWMS_LocationServer.src.bll.Session|===>: { "terminalId": "TerminalID", "msgId": "MSG_ID_NOTIFY", "data": { "subjectData": { "tagLocation": { "tagSn": "8000", "distanceData": [ { "anchorSn": "ANCHOR0001", "distance": 1 }, { "anchorSn": "ANCHOR0002", "distance": 1 }, { "anchorSn": "ANCHOR0003", "distance": 1 } ] } } } }
2017-05-09 14:38:07.4748|INFO|IWMS_LocationServer.src.bll.LocationInfoParser|T:TAG0001,S:3700,A:ANCHOR0001,D:1.00000,A:ANCHOR0002,D:1.00000,A:ANCHOR0003,D:1.00000
