2017-05-09 10:59:17.4101|INFO|IWMS_LocationServer.src.bll.SerialPortDevice|Open SerialPort! COM3, 115200
2017-05-09 10:59:23.3504|INFO|IWMS_LocationServer.src.bll.SerialPortDevice|Close SerialPort! COM3, 115200
2017-05-09 10:59:23.3634|INFO|IWMS_LocationServer.src.bll.SerialPortDevice|Open SerialPort! COM3, 115200
2017-05-09 10:59:42.0235|INFO|IWMS_LocationServer.src.bll.LocationInfoParser|T:8000,S:3700,A:0001,D:1.00000,A:0002,D:1.00000,A:0003,D:1.00000
2017-05-09 10:59:42.0235|DEBUG|IWMS_LocationServer.src.bll.LocationInfoParser|########### mac_address 0001

2017-05-09 10:59:42.1285|INFO|IWMS_LocationSystem.src.dal.SQLiteHelper|[SQL]: SELECT * FROM scene;
2017-05-09 10:59:42.1285|INFO|IWMS_LocationSystem.src.dal.SQLiteHelper|[SQL]: SELECT * FROM anchor
2017-05-09 10:59:42.1695|INFO|IWMS_LocationSystem.src.dal.SQLiteHelper|[RET]: 2
2017-05-09 10:59:42.1695|INFO|IWMS_LocationSystem.src.dal.SQLiteHelper|[RET]: 2
2017-05-09 10:59:42.1765|WARN|IWMS_LocationServer.src.bll.LocationInfoParser|anchor == null
2017-05-09 10:59:42.2955|INFO|IWMS_LocationSystem.src.dal.SQLiteHelper|[SQL]: SELECT * FROM tag;
2017-05-09 10:59:42.2955|INFO|IWMS_LocationSystem.src.dal.SQLiteHelper|[RET]: 0
2017-05-09 11:00:34.7915|INFO|IWMS_LocationServer.src.bll.Session|timeout!
2017-05-09 11:00:48.7953|INFO|IWMS_LocationServer.src.bll.LocationInfoParser|T:8000,S:3700,A:0001,D:1.00000,A:0002,D:1.00000,A:0003,D:1.00000
2017-05-09 11:00:48.7953|DEBUG|IWMS_LocationServer.src.bll.LocationInfoParser|########### mac_address 0001

2017-05-09 11:00:48.7953|WARN|IWMS_LocationServer.src.bll.LocationInfoParser|anchor == null
2017-05-09 11:02:37.4195|INFO|IWMS_LocationServer.src.bll.Session|timeout!
2017-05-09 11:02:37.4195|INFO|IWMS_LocationServer.src.bll.LocationInfoParser|T:8000,S:3700,A:0001,D:1.00000,A:0002,D:1.00000,A:0003,D:1.00000
2017-05-09 11:02:37.4195|DEBUG|IWMS_LocationServer.src.bll.LocationInfoParser|########### mac_address 0001

2017-05-09 11:02:37.4195|WARN|IWMS_LocationServer.src.bll.LocationInfoParser|anchor == null
2017-05-09 11:03:58.8102|INFO|IWMS_LocationServer.src.bll.Session|timeout!
2017-05-09 11:07:32.2624|INFO|IWMS_LocationServer.src.bll.LocationInfoParser|T:8000,S:3700,A:ANCHOR0001,D:1.00000,A:ANCHOR0002,D:1.00000,A:ANCHOR0003,D:1.00000
2017-05-09 11:07:32.2624|DEBUG|IWMS_LocationServer.src.bll.LocationInfoParser|########### mac_address ANCHOR0001

2017-05-09 11:07:32.2624|DEBUG|IWMS_LocationServer.src.bll.LocationInfoParser|@@@@@@@@@@@ SceneId 1

2017-05-09 11:07:32.2674|DEBUG|IWMS_LocationServer.src.bll.LocationInfoParser|########### mac_address ANCHOR0002

2017-05-09 11:07:32.2674|DEBUG|IWMS_LocationServer.src.bll.LocationInfoParser|@@@@@@@@@@@ SceneId 1

2017-05-09 11:07:32.2674|DEBUG|IWMS_LocationServer.src.bll.LocationInfoParser|########### mac_address ANCHOR0003

2017-05-09 11:07:32.2674|WARN|IWMS_LocationServer.src.bll.LocationInfoParser|anchor == null
