2017-05-09 16:34:41.0258|INFO|IWMS_LocationServer.src.bll.SerialPortDevice|Open SerialPort! COM3, 115200
2017-05-09 16:34:44.5790|INFO|IWMS_LocationServer.src.bll.LocationInfoParser|T:1001,S:3700,A:ANCHOR0001,D:1.00000,A:ANCHOR0002,D:1.00000,A:ANCHOR0004,D:1.00000
2017-05-09 16:34:44.5790|DEBUG|IWMS_LocationServer.src.bll.LocationInfoParser|########### mac_address ANCHOR0001

2017-05-09 16:34:44.7740|INFO|IWMS_LocationSystem.src.dal.SQLiteHelper|[SQL]: SELECT * FROM anchor
2017-05-09 16:34:44.8160|INFO|IWMS_LocationSystem.src.dal.SQLiteHelper|[RET]: 7
2017-05-09 16:34:44.8230|DEBUG|IWMS_LocationServer.src.bll.LocationInfoParser|@@@@@@@@@@@ SceneId 1

2017-05-09 16:34:44.8230|DEBUG|IWMS_LocationServer.src.bll.LocationInfoParser|########### mac_address ANCHOR0002

2017-05-09 16:34:44.8230|DEBUG|IWMS_LocationServer.src.bll.LocationInfoParser|@@@@@@@@@@@ SceneId 1

2017-05-09 16:34:44.8230|DEBUG|IWMS_LocationServer.src.bll.LocationInfoParser|########### mac_address ANCHOR0004

2017-05-09 16:34:44.8230|DEBUG|IWMS_LocationServer.src.bll.LocationInfoParser|@@@@@@@@@@@ SceneId 1

2017-05-09 16:34:45.2000|INFO|IWMS_LocationSystem.src.dal.SQLiteHelper|[SQL]: SELECT * FROM scene;
2017-05-09 16:34:45.2000|INFO|IWMS_LocationSystem.src.dal.SQLiteHelper|[RET]: 2
2017-05-09 16:34:45.3481|INFO|IWMS_LocationSystem.src.dal.SQLiteHelper|[SQL]: SELECT * FROM tag;
2017-05-09 16:34:45.3481|INFO|IWMS_LocationSystem.src.dal.SQLiteHelper|[RET]: 3
2017-05-09 16:34:54.4866|INFO|IWMS_LocationServer.src.bll.LocationInfoParser|T:1001,S:3700,A:ANCHOR0001,D:1.00000,A:ANCHOR0002,D:1.00000,A:ANCHOR0004,D:1.00000
2017-05-09 16:34:54.4866|DEBUG|IWMS_LocationServer.src.bll.LocationInfoParser|########### mac_address ANCHOR0001

2017-05-09 16:34:54.4866|DEBUG|IWMS_LocationServer.src.bll.LocationInfoParser|@@@@@@@@@@@ SceneId 1

2017-05-09 16:34:54.4866|DEBUG|IWMS_LocationServer.src.bll.LocationInfoParser|########### mac_address ANCHOR0002

2017-05-09 16:34:54.4926|DEBUG|IWMS_LocationServer.src.bll.LocationInfoParser|@@@@@@@@@@@ SceneId 1

2017-05-09 16:34:54.4926|DEBUG|IWMS_LocationServer.src.bll.LocationInfoParser|########### mac_address ANCHOR0004

2017-05-09 16:34:54.4926|DEBUG|IWMS_LocationServer.src.bll.LocationInfoParser|@@@@@@@@@@@ SceneId 1

2017-05-09 16:34:54.6406|INFO|IWMS_LocationServer.src.bll.Session|===>: { "terminalId": "TerminalID", "msgId": "MSG_ID_NOTIFY", "data": { "subjectData": { "tagLocation": { "tagSn": "1001", "distanceData": [ { "anchorSn": "ANCHOR0001", "distance": 1 }, { "anchorSn": "ANCHOR0002", "distance": 1 }, { "anchorSn": "ANCHOR0004", "distance": 1 } ], "isLocation": true, "x": 1 } } } }
2017-05-09 16:35:04.4931|INFO|IWMS_LocationServer.src.bll.LocationInfoParser|T:1001,S:3700,A:ANCHOR0001,D:1.00000,A:ANCHOR0002,D:1.00000,A:ANCHOR0004,D:1.00000
2017-05-09 16:35:04.4931|DEBUG|IWMS_LocationServer.src.bll.LocationInfoParser|########### mac_address ANCHOR0001

2017-05-09 16:35:04.4931|DEBUG|IWMS_LocationServer.src.bll.LocationInfoParser|@@@@@@@@@@@ SceneId 1

2017-05-09 16:35:04.4931|DEBUG|IWMS_LocationServer.src.bll.LocationInfoParser|########### mac_address ANCHOR0002

2017-05-09 16:35:04.4931|DEBUG|IWMS_LocationServer.src.bll.LocationInfoParser|@@@@@@@@@@@ SceneId 1

2017-05-09 16:35:04.4931|DEBUG|IWMS_LocationServer.src.bll.LocationInfoParser|########### mac_address ANCHOR0004

2017-05-09 16:35:04.4931|DEBUG|IWMS_LocationServer.src.bll.LocationInfoParser|@@@@@@@@@@@ SceneId 1

2017-05-09 16:35:04.4931|INFO|IWMS_LocationServer.src.bll.Session|===>: { "terminalId": "TerminalID", "msgId": "MSG_ID_NOTIFY", "data": { "subjectData": { "tagLocation": { "tagSn": "1001", "distanceData": [ { "anchorSn": "ANCHOR0001", "distance": 1 }, { "anchorSn": "ANCHOR0002", "distance": 1 }, { "anchorSn": "ANCHOR0004", "distance": 1 } ], "isLocation": true, "x": 1 } } } }
2017-05-09 16:35:14.5067|INFO|IWMS_LocationServer.src.bll.LocationInfoParser|T:1001,S:3700,A:ANCHOR0001,D:1.00000,A:ANCHOR0002,D:1.00000,A:ANCHOR0004,D:1.00000
2017-05-09 16:35:14.5077|DEBUG|IWMS_LocationServer.src.bll.LocationInfoParser|########### mac_address ANCHOR0001

2017-05-09 16:35:14.5077|DEBUG|IWMS_LocationServer.src.bll.LocationInfoParser|@@@@@@@@@@@ SceneId 1

2017-05-09 16:35:14.5077|DEBUG|IWMS_LocationServer.src.bll.LocationInfoParser|########### mac_address ANCHOR0002

2017-05-09 16:35:14.5077|DEBUG|IWMS_LocationServer.src.bll.LocationInfoParser|@@@@@@@@@@@ SceneId 1

2017-05-09 16:35:14.5077|DEBUG|IWMS_LocationServer.src.bll.LocationInfoParser|########### mac_address ANCHOR0004

2017-05-09 16:35:14.5077|DEBUG|IWMS_LocationServer.src.bll.LocationInfoParser|@@@@@@@@@@@ SceneId 1

2017-05-09 16:35:14.5077|INFO|IWMS_LocationServer.src.bll.Session|===>: { "terminalId": "TerminalID", "msgId": "MSG_ID_NOTIFY", "data": { "subjectData": { "tagLocation": { "tagSn": "1001", "distanceData": [ { "anchorSn": "ANCHOR0001", "distance": 1 }, { "anchorSn": "ANCHOR0002", "distance": 1 }, { "anchorSn": "ANCHOR0004", "distance": 1 } ], "isLocation": true, "x": 1 } } } }
2017-05-09 16:35:24.4863|INFO|IWMS_LocationServer.src.bll.LocationInfoParser|T:1001,S:3700,A:ANCHOR0001,D:1.00000,A:ANCHOR0002,D:1.00000,A:ANCHOR0004,D:1.00000
2017-05-09 16:35:24.4863|DEBUG|IWMS_LocationServer.src.bll.LocationInfoParser|########### mac_address ANCHOR0001

2017-05-09 16:35:24.4863|DEBUG|IWMS_LocationServer.src.bll.LocationInfoParser|@@@@@@@@@@@ SceneId 1

2017-05-09 16:35:24.4863|DEBUG|IWMS_LocationServer.src.bll.LocationInfoParser|########### mac_address ANCHOR0002

2017-05-09 16:35:24.4863|DEBUG|IWMS_LocationServer.src.bll.LocationInfoParser|@@@@@@@@@@@ SceneId 1

2017-05-09 16:35:24.4863|DEBUG|IWMS_LocationServer.src.bll.LocationInfoParser|########### mac_address ANCHOR0004

2017-05-09 16:35:24.4923|DEBUG|IWMS_LocationServer.src.bll.LocationInfoParser|@@@@@@@@@@@ SceneId 1

2017-05-09 16:35:24.4923|INFO|IWMS_LocationServer.src.bll.Session|===>: { "terminalId": "TerminalID", "msgId": "MSG_ID_NOTIFY", "data": { "subjectData": { "tagLocation": { "tagSn": "1001", "distanceData": [ { "anchorSn": "ANCHOR0001", "distance": 1 }, { "anchorSn": "ANCHOR0002", "distance": 1 }, { "anchorSn": "ANCHOR0004", "distance": 1 } ], "isLocation": true, "x": 1 } } } }
2017-05-09 16:35:31.9517|INFO|IWMS_LocationServer.src.bll.LocationInfoParser|T:1001,S:3700,A:ANCHOR0003,D:1.00000,A:ANCHOR0007,D:1.00000,A:ANCHOR0004,D:1.00000
2017-05-09 16:35:31.9517|DEBUG|IWMS_LocationServer.src.bll.LocationInfoParser|########### mac_address ANCHOR0003

2017-05-09 16:35:31.9517|DEBUG|IWMS_LocationServer.src.bll.LocationInfoParser|@@@@@@@@@@@ SceneId 1

2017-05-09 16:35:31.9517|DEBUG|IWMS_LocationServer.src.bll.LocationInfoParser|########### mac_address ANCHOR0007

2017-05-09 16:35:31.9517|DEBUG|IWMS_LocationServer.src.bll.LocationInfoParser|@@@@@@@@@@@ SceneId 1

2017-05-09 16:35:31.9677|DEBUG|IWMS_LocationServer.src.bll.LocationInfoParser|########### mac_address ANCHOR0004

2017-05-09 16:35:31.9677|DEBUG|IWMS_LocationServer.src.bll.LocationInfoParser|@@@@@@@@@@@ SceneId 1

2017-05-09 16:35:31.9677|INFO|IWMS_LocationServer.src.bll.Session|===>: { "terminalId": "TerminalID", "msgId": "MSG_ID_NOTIFY", "data": { "subjectData": { "tagLocation": { "tagSn": "1001", "distanceData": [ { "anchorSn": "ANCHOR0003", "distance": 1 }, { "anchorSn": "ANCHOR0007", "distance": 1 }, { "anchorSn": "ANCHOR0004", "distance": 1 } ], "isLocation": true, "x": 1, "y": 2 } } } }
2017-05-09 16:35:52.0889|INFO|IWMS_LocationServer.src.bll.Session|timeout!
