2017-05-09 15:32:14.0858|INFO|IWMS_LocationServer.src.bll.SerialPortDevice|Open SerialPort! COM3, 115200
2017-05-09 15:32:15.9379|INFO|IWMS_LocationSystem.src.dal.SQLiteHelper|[SQL]: SELECT * FROM scene;
2017-05-09 15:32:15.9849|INFO|IWMS_LocationSystem.src.dal.SQLiteHelper|[RET]: 2
2017-05-09 15:32:16.1209|INFO|IWMS_LocationSystem.src.dal.SQLiteHelper|[SQL]: SELECT * FROM anchor
2017-05-09 15:32:16.1209|INFO|IWMS_LocationSystem.src.dal.SQLiteHelper|[RET]: 3
2017-05-09 15:32:16.1389|INFO|IWMS_LocationSystem.src.dal.SQLiteHelper|[SQL]: SELECT * FROM tag;
2017-05-09 15:32:16.1389|INFO|IWMS_LocationSystem.src.dal.SQLiteHelper|[RET]: 3
2017-05-09 15:32:16.6059|INFO|IWMS_LocationServer.src.bll.LocationInfoParser|T:1001,S:3700,A:ANCHOR0001,D:1.00000,A:ANCHOR0002,D:1.00000,A:ANCHOR0003,D:1.00000
2017-05-09 15:32:16.6059|DEBUG|IWMS_LocationServer.src.bll.LocationInfoParser|########### mac_address ANCHOR0001

2017-05-09 15:32:16.6059|DEBUG|IWMS_LocationServer.src.bll.LocationInfoParser|@@@@@@@@@@@ SceneId 1

2017-05-09 15:32:16.6059|DEBUG|IWMS_LocationServer.src.bll.LocationInfoParser|########### mac_address ANCHOR0002

2017-05-09 15:32:16.6059|DEBUG|IWMS_LocationServer.src.bll.LocationInfoParser|@@@@@@@@@@@ SceneId 1

2017-05-09 15:32:16.6059|DEBUG|IWMS_LocationServer.src.bll.LocationInfoParser|########### mac_address ANCHOR0003

2017-05-09 15:32:16.6059|DEBUG|IWMS_LocationServer.src.bll.LocationInfoParser|@@@@@@@@@@@ SceneId 1

2017-05-09 15:32:16.7529|INFO|IWMS_LocationServer.src.bll.Session|===>: { "terminalId": "TerminalID", "msgId": "MSG_ID_NOTIFY", "data": { "subjectData": { "tagLocation": { "tagSn": "1001", "distanceData": [ { "anchorSn": "ANCHOR0001", "distance": 1 }, { "anchorSn": "ANCHOR0002", "distance": 1 }, { "anchorSn": "ANCHOR0003", "distance": 1 } ] } } } }
2017-05-09 15:32:20.8782|INFO|IWMS_LocationServer.src.bll.Session|timeout!
2017-05-09 15:32:26.5775|INFO|IWMS_LocationServer.src.bll.LocationInfoParser|T:1001,S:3700,A:ANCHOR0001,D:1.00000,A:ANCHOR0002,D:1.00000,A:ANCHOR0003,D:1.00000
2017-05-09 15:32:26.5775|DEBUG|IWMS_LocationServer.src.bll.LocationInfoParser|########### mac_address ANCHOR0001

2017-05-09 15:32:26.5775|DEBUG|IWMS_LocationServer.src.bll.LocationInfoParser|@@@@@@@@@@@ SceneId 1

2017-05-09 15:32:26.5775|DEBUG|IWMS_LocationServer.src.bll.LocationInfoParser|########### mac_address ANCHOR0002

2017-05-09 15:32:26.5885|DEBUG|IWMS_LocationServer.src.bll.LocationInfoParser|@@@@@@@@@@@ SceneId 1

2017-05-09 15:32:26.5885|DEBUG|IWMS_LocationServer.src.bll.LocationInfoParser|########### mac_address ANCHOR0003

2017-05-09 15:32:26.5885|DEBUG|IWMS_LocationServer.src.bll.LocationInfoParser|@@@@@@@@@@@ SceneId 1

2017-05-09 15:32:36.5771|INFO|IWMS_LocationServer.src.bll.LocationInfoParser|T:1001,S:3700,A:ANCHOR0001,D:1.00000,A:ANCHOR0002,D:1.00000,A:ANCHOR0003,D:1.00000
2017-05-09 15:32:36.5771|DEBUG|IWMS_LocationServer.src.bll.LocationInfoParser|########### mac_address ANCHOR0001

2017-05-09 15:32:36.5771|DEBUG|IWMS_LocationServer.src.bll.LocationInfoParser|@@@@@@@@@@@ SceneId 1

2017-05-09 15:32:36.5771|DEBUG|IWMS_LocationServer.src.bll.LocationInfoParser|########### mac_address ANCHOR0002

2017-05-09 15:32:36.5771|DEBUG|IWMS_LocationServer.src.bll.LocationInfoParser|@@@@@@@@@@@ SceneId 1

2017-05-09 15:32:36.5771|DEBUG|IWMS_LocationServer.src.bll.LocationInfoParser|########### mac_address ANCHOR0003

2017-05-09 15:32:36.5771|DEBUG|IWMS_LocationServer.src.bll.LocationInfoParser|@@@@@@@@@@@ SceneId 1

2017-05-09 15:32:36.5771|INFO|IWMS_LocationServer.src.bll.Session|===>: { "terminalId": "TerminalID", "msgId": "MSG_ID_NOTIFY", "data": { "subjectData": { "tagLocation": { "tagSn": "1001", "distanceData": [ { "anchorSn": "ANCHOR0001", "distance": 1 }, { "anchorSn": "ANCHOR0002", "distance": 1 }, { "anchorSn": "ANCHOR0003", "distance": 1 } ] } } } }
2017-05-09 15:32:46.5767|INFO|IWMS_LocationServer.src.bll.LocationInfoParser|T:1001,S:3700,A:ANCHOR0001,D:1.00000,A:ANCHOR0002,D:1.00000,A:ANCHOR0003,D:1.00000
2017-05-09 15:32:46.5767|DEBUG|IWMS_LocationServer.src.bll.LocationInfoParser|########### mac_address ANCHOR0001

2017-05-09 15:32:46.5767|DEBUG|IWMS_LocationServer.src.bll.LocationInfoParser|@@@@@@@@@@@ SceneId 1

2017-05-09 15:32:46.5767|DEBUG|IWMS_LocationServer.src.bll.LocationInfoParser|########### mac_address ANCHOR0002

2017-05-09 15:32:46.5767|DEBUG|IWMS_LocationServer.src.bll.LocationInfoParser|@@@@@@@@@@@ SceneId 1

2017-05-09 15:32:46.5767|DEBUG|IWMS_LocationServer.src.bll.LocationInfoParser|########### mac_address ANCHOR0003

2017-05-09 15:32:46.5767|DEBUG|IWMS_LocationServer.src.bll.LocationInfoParser|@@@@@@@@@@@ SceneId 1

2017-05-09 15:32:46.5767|INFO|IWMS_LocationServer.src.bll.Session|===>: { "terminalId": "TerminalID", "msgId": "MSG_ID_NOTIFY", "data": { "subjectData": { "tagLocation": { "tagSn": "1001", "distanceData": [ { "anchorSn": "ANCHOR0001", "distance": 1 }, { "anchorSn": "ANCHOR0002", "distance": 1 }, { "anchorSn": "ANCHOR0003", "distance": 1 } ] } } } }
2017-05-09 15:32:56.5792|INFO|IWMS_LocationServer.src.bll.LocationInfoParser|T:1001,S:3700,A:ANCHOR0001,D:1.00000,A:ANCHOR0002,D:1.00000,A:ANCHOR0003,D:1.00000
2017-05-09 15:32:56.5792|DEBUG|IWMS_LocationServer.src.bll.LocationInfoParser|########### mac_address ANCHOR0001

2017-05-09 15:32:56.5792|DEBUG|IWMS_LocationServer.src.bll.LocationInfoParser|@@@@@@@@@@@ SceneId 1

2017-05-09 15:32:56.5792|DEBUG|IWMS_LocationServer.src.bll.LocationInfoParser|########### mac_address ANCHOR0002

2017-05-09 15:32:56.5792|DEBUG|IWMS_LocationServer.src.bll.LocationInfoParser|@@@@@@@@@@@ SceneId 1

2017-05-09 15:32:56.5792|DEBUG|IWMS_LocationServer.src.bll.LocationInfoParser|########### mac_address ANCHOR0003

2017-05-09 15:32:56.5862|DEBUG|IWMS_LocationServer.src.bll.LocationInfoParser|@@@@@@@@@@@ SceneId 1

2017-05-09 15:32:56.5862|INFO|IWMS_LocationServer.src.bll.Session|===>: { "terminalId": "TerminalID", "msgId": "MSG_ID_NOTIFY", "data": { "subjectData": { "tagLocation": { "tagSn": "1001", "distanceData": [ { "anchorSn": "ANCHOR0001", "distance": 1 }, { "anchorSn": "ANCHOR0002", "distance": 1 }, { "anchorSn": "ANCHOR0003", "distance": 1 } ] } } } }
2017-05-09 15:33:06.5928|INFO|IWMS_LocationServer.src.bll.LocationInfoParser|T:1001,S:3700,A:ANCHOR0001,D:1.00000,A:ANCHOR0002,D:1.00000,A:ANCHOR0003,D:1.00000
2017-05-09 15:33:06.5928|DEBUG|IWMS_LocationServer.src.bll.LocationInfoParser|########### mac_address ANCHOR0001

2017-05-09 15:33:06.5928|DEBUG|IWMS_LocationServer.src.bll.LocationInfoParser|@@@@@@@@@@@ SceneId 1

2017-05-09 15:33:06.5928|DEBUG|IWMS_LocationServer.src.bll.LocationInfoParser|########### mac_address ANCHOR0002

2017-05-09 15:33:06.5928|DEBUG|IWMS_LocationServer.src.bll.LocationInfoParser|@@@@@@@@@@@ SceneId 1

2017-05-09 15:33:06.5928|DEBUG|IWMS_LocationServer.src.bll.LocationInfoParser|########### mac_address ANCHOR0003

2017-05-09 15:33:06.5928|DEBUG|IWMS_LocationServer.src.bll.LocationInfoParser|@@@@@@@@@@@ SceneId 1

2017-05-09 15:33:06.5928|INFO|IWMS_LocationServer.src.bll.Session|===>: { "terminalId": "TerminalID", "msgId": "MSG_ID_NOTIFY", "data": { "subjectData": { "tagLocation": { "tagSn": "1001", "distanceData": [ { "anchorSn": "ANCHOR0001", "distance": 1 }, { "anchorSn": "ANCHOR0002", "distance": 1 }, { "anchorSn": "ANCHOR0003", "distance": 1 } ] } } } }
