2017-05-09 16:39:45.0012|INFO|IWMS_LocationServer.src.bll.SerialPortDevice|Open SerialPort! COM3, 115200
2017-05-09 17:04:55.6126|INFO|IWMS_LocationSystem.src.dal.SQLiteHelper|[SQL]: SELECT * FROM anchor
2017-05-09 17:04:55.6536|INFO|IWMS_LocationSystem.src.dal.SQLiteHelper|[RET]: 7
2017-05-09 17:04:55.6536|INFO|IWMS_LocationSystem.src.dal.SQLiteHelper|[SQL]: SELECT * FROM tag;
2017-05-09 17:04:55.6646|INFO|IWMS_LocationSystem.src.dal.SQLiteHelper|[RET]: 3
2017-05-09 17:05:10.9235|INFO|IWMS_LocationSystem.src.dal.SQLiteHelper|[SQL]: SELECT * FROM scene;
2017-05-09 17:05:10.9235|INFO|IWMS_LocationSystem.src.dal.SQLiteHelper|[RET]: 2
2017-05-09 17:05:19.7770|INFO|IWMS_LocationServer.src.bll.LocationInfoParser|T:1001,S:3700,A:ANCHOR0003,D:1.00000,A:ANCHOR0007,D:1.00000,A:ANCHOR0004,D:1.00000
2017-05-09 17:05:19.7770|DEBUG|IWMS_LocationServer.src.bll.LocationInfoParser|########### mac_address ANCHOR0003

2017-05-09 17:05:19.7770|DEBUG|IWMS_LocationServer.src.bll.LocationInfoParser|@@@@@@@@@@@ SceneId 1

2017-05-09 17:05:19.7770|DEBUG|IWMS_LocationServer.src.bll.LocationInfoParser|########### mac_address ANCHOR0007

2017-05-09 17:05:19.7770|DEBUG|IWMS_LocationServer.src.bll.LocationInfoParser|@@@@@@@@@@@ SceneId 1

2017-05-09 17:05:19.7770|DEBUG|IWMS_LocationServer.src.bll.LocationInfoParser|########### mac_address ANCHOR0004

2017-05-09 17:05:19.7770|DEBUG|IWMS_LocationServer.src.bll.LocationInfoParser|@@@@@@@@@@@ SceneId 1

2017-05-09 17:05:19.9230|INFO|IWMS_LocationServer.src.bll.Session|===>: { "terminalId": "TerminalID", "msgId": "MSG_ID_NOTIFY", "data": { "subjectData": { "tagLocation": { "tagSn": "1001", "distanceData": [ { "anchorSn": "ANCHOR0003", "distance": 1 }, { "anchorSn": "ANCHOR0007", "distance": 1 }, { "anchorSn": "ANCHOR0004", "distance": 1 } ], "isLocation": true, "x": 1, "y": 2 } } } }
2017-05-09 17:05:29.7265|INFO|IWMS_LocationServer.src.bll.LocationInfoParser|T:1001,S:3700,A:ANCHOR0003,D:1.00000,A:ANCHOR0007,D:1.00000,A:ANCHOR0004,D:1.00000
2017-05-09 17:05:29.7385|DEBUG|IWMS_LocationServer.src.bll.LocationInfoParser|########### mac_address ANCHOR0003

2017-05-09 17:05:29.7385|DEBUG|IWMS_LocationServer.src.bll.LocationInfoParser|@@@@@@@@@@@ SceneId 1

2017-05-09 17:05:29.7385|DEBUG|IWMS_LocationServer.src.bll.LocationInfoParser|########### mac_address ANCHOR0007

2017-05-09 17:05:29.7385|DEBUG|IWMS_LocationServer.src.bll.LocationInfoParser|@@@@@@@@@@@ SceneId 1

2017-05-09 17:05:29.7385|DEBUG|IWMS_LocationServer.src.bll.LocationInfoParser|########### mac_address ANCHOR0004

2017-05-09 17:05:29.7385|DEBUG|IWMS_LocationServer.src.bll.LocationInfoParser|@@@@@@@@@@@ SceneId 1

2017-05-09 17:05:29.7385|INFO|IWMS_LocationServer.src.bll.Session|===>: { "terminalId": "TerminalID", "msgId": "MSG_ID_NOTIFY", "data": { "subjectData": { "tagLocation": { "tagSn": "1001", "distanceData": [ { "anchorSn": "ANCHOR0003", "distance": 1 }, { "anchorSn": "ANCHOR0007", "distance": 1 }, { "anchorSn": "ANCHOR0004", "distance": 1 } ], "isLocation": true, "x": 1, "y": 2 } } } }
2017-05-09 17:05:39.7381|INFO|IWMS_LocationServer.src.bll.LocationInfoParser|T:1001,S:3700,A:ANCHOR0003,D:1.00000,A:ANCHOR0007,D:1.00000,A:ANCHOR0004,D:1.00000
2017-05-09 17:05:39.7381|DEBUG|IWMS_LocationServer.src.bll.LocationInfoParser|########### mac_address ANCHOR0003

2017-05-09 17:05:39.7381|DEBUG|IWMS_LocationServer.src.bll.LocationInfoParser|@@@@@@@@@@@ SceneId 1

2017-05-09 17:05:39.7381|DEBUG|IWMS_LocationServer.src.bll.LocationInfoParser|########### mac_address ANCHOR0007

2017-05-09 17:05:39.7381|DEBUG|IWMS_LocationServer.src.bll.LocationInfoParser|@@@@@@@@@@@ SceneId 1

2017-05-09 17:05:39.7381|DEBUG|IWMS_LocationServer.src.bll.LocationInfoParser|########### mac_address ANCHOR0004

2017-05-09 17:05:39.7381|DEBUG|IWMS_LocationServer.src.bll.LocationInfoParser|@@@@@@@@@@@ SceneId 1

2017-05-09 17:05:39.7381|INFO|IWMS_LocationServer.src.bll.Session|===>: { "terminalId": "TerminalID", "msgId": "MSG_ID_NOTIFY", "data": { "subjectData": { "tagLocation": { "tagSn": "1001", "distanceData": [ { "anchorSn": "ANCHOR0003", "distance": 1 }, { "anchorSn": "ANCHOR0007", "distance": 1 }, { "anchorSn": "ANCHOR0004", "distance": 1 } ], "isLocation": true, "x": 1, "y": 2 } } } }
2017-05-09 17:05:49.7257|INFO|IWMS_LocationServer.src.bll.LocationInfoParser|T:1001,S:3700,A:ANCHOR0003,D:1.00000,A:ANCHOR0007,D:1.00000,A:ANCHOR0004,D:1.00000
2017-05-09 17:05:49.7257|DEBUG|IWMS_LocationServer.src.bll.LocationInfoParser|########### mac_address ANCHOR0003

2017-05-09 17:05:49.7257|DEBUG|IWMS_LocationServer.src.bll.LocationInfoParser|@@@@@@@@@@@ SceneId 1

2017-05-09 17:05:49.7257|DEBUG|IWMS_LocationServer.src.bll.LocationInfoParser|########### mac_address ANCHOR0007

2017-05-09 17:05:49.7257|DEBUG|IWMS_LocationServer.src.bll.LocationInfoParser|@@@@@@@@@@@ SceneId 1

2017-05-09 17:05:49.7257|DEBUG|IWMS_LocationServer.src.bll.LocationInfoParser|########### mac_address ANCHOR0004

2017-05-09 17:05:49.7257|DEBUG|IWMS_LocationServer.src.bll.LocationInfoParser|@@@@@@@@@@@ SceneId 1

2017-05-09 17:05:49.7257|INFO|IWMS_LocationServer.src.bll.Session|===>: { "terminalId": "TerminalID", "msgId": "MSG_ID_NOTIFY", "data": { "subjectData": { "tagLocation": { "tagSn": "1001", "distanceData": [ { "anchorSn": "ANCHOR0003", "distance": 1 }, { "anchorSn": "ANCHOR0007", "distance": 1 }, { "anchorSn": "ANCHOR0004", "distance": 1 } ], "isLocation": true, "x": 1, "y": 2 } } } }
2017-05-09 17:05:55.1250|INFO|IWMS_LocationServer.src.bll.LocationInfoParser|T:1001,S:3700,A:ANCHOR0001,D:1.00000,A:ANCHOR0002,D:1.00000,A:ANCHOR0004,D:1.00000
2017-05-09 17:05:55.1250|DEBUG|IWMS_LocationServer.src.bll.LocationInfoParser|########### mac_address ANCHOR0001

2017-05-09 17:05:55.1250|DEBUG|IWMS_LocationServer.src.bll.LocationInfoParser|@@@@@@@@@@@ SceneId 1

2017-05-09 17:05:55.1250|DEBUG|IWMS_LocationServer.src.bll.LocationInfoParser|########### mac_address ANCHOR0002

2017-05-09 17:05:55.1250|DEBUG|IWMS_LocationServer.src.bll.LocationInfoParser|@@@@@@@@@@@ SceneId 1

2017-05-09 17:05:55.1340|DEBUG|IWMS_LocationServer.src.bll.LocationInfoParser|########### mac_address ANCHOR0004

2017-05-09 17:05:55.1340|DEBUG|IWMS_LocationServer.src.bll.LocationInfoParser|@@@@@@@@@@@ SceneId 1

2017-05-09 17:05:55.1340|INFO|IWMS_LocationServer.src.bll.Session|===>: { "terminalId": "TerminalID", "msgId": "MSG_ID_NOTIFY", "data": { "subjectData": { "tagLocation": { "tagSn": "1001", "distanceData": [ { "anchorSn": "ANCHOR0001", "distance": 1 }, { "anchorSn": "ANCHOR0002", "distance": 1 }, { "anchorSn": "ANCHOR0004", "distance": 1 } ], "isLocation": true, "x": 1 } } } }
2017-05-09 17:05:56.4461|INFO|IWMS_LocationServer.src.bll.LocationInfoParser|T:1001,S:3700,A:ANCHOR0001,D:1.00000,A:ANCHOR0002,D:1.00000,A:ANCHOR0004,D:1.00000
2017-05-09 17:05:56.4461|DEBUG|IWMS_LocationServer.src.bll.LocationInfoParser|########### mac_address ANCHOR0001

2017-05-09 17:05:56.4461|DEBUG|IWMS_LocationServer.src.bll.LocationInfoParser|@@@@@@@@@@@ SceneId 1

2017-05-09 17:05:56.4461|DEBUG|IWMS_LocationServer.src.bll.LocationInfoParser|########### mac_address ANCHOR0002

2017-05-09 17:05:56.4461|DEBUG|IWMS_LocationServer.src.bll.LocationInfoParser|@@@@@@@@@@@ SceneId 1

2017-05-09 17:05:56.4461|DEBUG|IWMS_LocationServer.src.bll.LocationInfoParser|########### mac_address ANCHOR0004

2017-05-09 17:05:56.4461|DEBUG|IWMS_LocationServer.src.bll.LocationInfoParser|@@@@@@@@@@@ SceneId 1

2017-05-09 17:05:56.4461|INFO|IWMS_LocationServer.src.bll.Session|===>: { "terminalId": "TerminalID", "msgId": "MSG_ID_NOTIFY", "data": { "subjectData": { "tagLocation": { "tagSn": "1001", "distanceData": [ { "anchorSn": "ANCHOR0001", "distance": 1 }, { "anchorSn": "ANCHOR0002", "distance": 1 }, { "anchorSn": "ANCHOR0004", "distance": 1 } ], "isLocation": true, "x": 1 } } } }
2017-05-09 17:05:57.0151|INFO|IWMS_LocationServer.src.bll.LocationInfoParser|T:1001,S:3700,A:ANCHOR0001,D:1.00000,A:ANCHOR0002,D:1.00000,A:ANCHOR0004,D:1.00000
2017-05-09 17:05:57.0151|DEBUG|IWMS_LocationServer.src.bll.LocationInfoParser|########### mac_address ANCHOR0001

2017-05-09 17:05:57.0151|DEBUG|IWMS_LocationServer.src.bll.LocationInfoParser|@@@@@@@@@@@ SceneId 1

2017-05-09 17:05:57.0151|DEBUG|IWMS_LocationServer.src.bll.LocationInfoParser|########### mac_address ANCHOR0002

2017-05-09 17:05:57.0151|DEBUG|IWMS_LocationServer.src.bll.LocationInfoParser|@@@@@@@@@@@ SceneId 1

2017-05-09 17:05:57.0201|DEBUG|IWMS_LocationServer.src.bll.LocationInfoParser|########### mac_address ANCHOR0004

2017-05-09 17:05:57.0201|DEBUG|IWMS_LocationServer.src.bll.LocationInfoParser|@@@@@@@@@@@ SceneId 1

2017-05-09 17:05:57.0201|INFO|IWMS_LocationServer.src.bll.Session|===>: { "terminalId": "TerminalID", "msgId": "MSG_ID_NOTIFY", "data": { "subjectData": { "tagLocation": { "tagSn": "1001", "distanceData": [ { "anchorSn": "ANCHOR0001", "distance": 1 }, { "anchorSn": "ANCHOR0002", "distance": 1 }, { "anchorSn": "ANCHOR0004", "distance": 1 } ], "isLocation": true, "x": 1 } } } }
2017-05-09 17:05:57.4551|INFO|IWMS_LocationServer.src.bll.LocationInfoParser|T:1001,S:3700,A:ANCHOR0001,D:1.00000,A:ANCHOR0002,D:1.00000,A:ANCHOR0004,D:1.00000
2017-05-09 17:05:57.4551|DEBUG|IWMS_LocationServer.src.bll.LocationInfoParser|########### mac_address ANCHOR0001

2017-05-09 17:05:57.4571|DEBUG|IWMS_LocationServer.src.bll.LocationInfoParser|@@@@@@@@@@@ SceneId 1

2017-05-09 17:05:57.4571|DEBUG|IWMS_LocationServer.src.bll.LocationInfoParser|########### mac_address ANCHOR0002

2017-05-09 17:05:57.4571|DEBUG|IWMS_LocationServer.src.bll.LocationInfoParser|@@@@@@@@@@@ SceneId 1

2017-05-09 17:05:57.4571|DEBUG|IWMS_LocationServer.src.bll.LocationInfoParser|########### mac_address ANCHOR0004

2017-05-09 17:05:57.4571|DEBUG|IWMS_LocationServer.src.bll.LocationInfoParser|@@@@@@@@@@@ SceneId 1

2017-05-09 17:05:57.4571|INFO|IWMS_LocationServer.src.bll.Session|===>: { "terminalId": "TerminalID", "msgId": "MSG_ID_NOTIFY", "data": { "subjectData": { "tagLocation": { "tagSn": "1001", "distanceData": [ { "anchorSn": "ANCHOR0001", "distance": 1 }, { "anchorSn": "ANCHOR0002", "distance": 1 }, { "anchorSn": "ANCHOR0004", "distance": 1 } ], "isLocation": true, "x": 1 } } } }
2017-05-09 17:05:57.8552|INFO|IWMS_LocationServer.src.bll.LocationInfoParser|T:1001,S:3700,A:ANCHOR0001,D:1.00000,A:ANCHOR0002,D:1.00000,A:ANCHOR0004,D:1.00000
2017-05-09 17:05:57.8552|DEBUG|IWMS_LocationServer.src.bll.LocationInfoParser|########### mac_address ANCHOR0001

2017-05-09 17:05:57.8552|DEBUG|IWMS_LocationServer.src.bll.LocationInfoParser|@@@@@@@@@@@ SceneId 1

2017-05-09 17:05:57.8552|DEBUG|IWMS_LocationServer.src.bll.LocationInfoParser|########### mac_address ANCHOR0002

2017-05-09 17:05:57.8552|DEBUG|IWMS_LocationServer.src.bll.LocationInfoParser|@@@@@@@@@@@ SceneId 1

2017-05-09 17:05:57.8552|DEBUG|IWMS_LocationServer.src.bll.LocationInfoParser|########### mac_address ANCHOR0004

2017-05-09 17:05:57.8552|DEBUG|IWMS_LocationServer.src.bll.LocationInfoParser|@@@@@@@@@@@ SceneId 1

2017-05-09 17:05:57.8552|INFO|IWMS_LocationServer.src.bll.Session|===>: { "terminalId": "TerminalID", "msgId": "MSG_ID_NOTIFY", "data": { "subjectData": { "tagLocation": { "tagSn": "1001", "distanceData": [ { "anchorSn": "ANCHOR0001", "distance": 1 }, { "anchorSn": "ANCHOR0002", "distance": 1 }, { "anchorSn": "ANCHOR0004", "distance": 1 } ], "isLocation": true, "x": 1 } } } }
2017-05-09 17:05:59.3072|INFO|IWMS_LocationServer.src.bll.LocationInfoParser|T:1001,S:3700,A:ANCHOR0001,D:1.00000,A:ANCHOR0002,D:1.00000,A:ANCHOR0004,D:1.00000
2017-05-09 17:05:59.3072|DEBUG|IWMS_LocationServer.src.bll.LocationInfoParser|########### mac_address ANCHOR0001

2017-05-09 17:05:59.3072|DEBUG|IWMS_LocationServer.src.bll.LocationInfoParser|@@@@@@@@@@@ SceneId 1

2017-05-09 17:05:59.3072|DEBUG|IWMS_LocationServer.src.bll.LocationInfoParser|########### mac_address ANCHOR0002

2017-05-09 17:05:59.3072|DEBUG|IWMS_LocationServer.src.bll.LocationInfoParser|@@@@@@@@@@@ SceneId 1

2017-05-09 17:05:59.3072|DEBUG|IWMS_LocationServer.src.bll.LocationInfoParser|########### mac_address ANCHOR0004

2017-05-09 17:05:59.3072|DEBUG|IWMS_LocationServer.src.bll.LocationInfoParser|@@@@@@@@@@@ SceneId 1

2017-05-09 17:05:59.3142|INFO|IWMS_LocationServer.src.bll.Session|===>: { "terminalId": "TerminalID", "msgId": "MSG_ID_NOTIFY", "data": { "subjectData": { "tagLocation": { "tagSn": "1001", "distanceData": [ { "anchorSn": "ANCHOR0001", "distance": 1 }, { "anchorSn": "ANCHOR0002", "distance": 1 }, { "anchorSn": "ANCHOR0004", "distance": 1 } ], "isLocation": true, "x": 1 } } } }
2017-05-09 17:06:09.2728|INFO|IWMS_LocationServer.src.bll.LocationInfoParser|T:1001,S:3700,A:ANCHOR0001,D:1.00000,A:ANCHOR0002,D:1.00000,A:ANCHOR0004,D:1.00000
2017-05-09 17:06:09.2728|DEBUG|IWMS_LocationServer.src.bll.LocationInfoParser|########### mac_address ANCHOR0001

2017-05-09 17:06:09.2728|DEBUG|IWMS_LocationServer.src.bll.LocationInfoParser|@@@@@@@@@@@ SceneId 1

2017-05-09 17:06:09.2728|DEBUG|IWMS_LocationServer.src.bll.LocationInfoParser|########### mac_address ANCHOR0002

2017-05-09 17:06:09.2818|DEBUG|IWMS_LocationServer.src.bll.LocationInfoParser|@@@@@@@@@@@ SceneId 1

2017-05-09 17:06:09.2818|DEBUG|IWMS_LocationServer.src.bll.LocationInfoParser|########### mac_address ANCHOR0004

2017-05-09 17:06:09.2818|DEBUG|IWMS_LocationServer.src.bll.LocationInfoParser|@@@@@@@@@@@ SceneId 1

2017-05-09 17:06:09.2818|INFO|IWMS_LocationServer.src.bll.Session|===>: { "terminalId": "TerminalID", "msgId": "MSG_ID_NOTIFY", "data": { "subjectData": { "tagLocation": { "tagSn": "1001", "distanceData": [ { "anchorSn": "ANCHOR0001", "distance": 1 }, { "anchorSn": "ANCHOR0002", "distance": 1 }, { "anchorSn": "ANCHOR0004", "distance": 1 } ], "isLocation": true, "x": 1 } } } }
2017-05-09 17:06:09.7068|INFO|IWMS_LocationServer.src.bll.LocationInfoParser|T:1001,S:3700,A:ANCHOR0001,D:1.00000,A:ANCHOR0002,D:1.00000,A:ANCHOR0004,D:1.00000
2017-05-09 17:06:09.7068|DEBUG|IWMS_LocationServer.src.bll.LocationInfoParser|########### mac_address ANCHOR0001

2017-05-09 17:06:09.7068|DEBUG|IWMS_LocationServer.src.bll.LocationInfoParser|@@@@@@@@@@@ SceneId 1

2017-05-09 17:06:09.7068|DEBUG|IWMS_LocationServer.src.bll.LocationInfoParser|########### mac_address ANCHOR0002

2017-05-09 17:06:09.7068|DEBUG|IWMS_LocationServer.src.bll.LocationInfoParser|@@@@@@@@@@@ SceneId 1

2017-05-09 17:06:09.7068|DEBUG|IWMS_LocationServer.src.bll.LocationInfoParser|########### mac_address ANCHOR0004

2017-05-09 17:06:09.7068|DEBUG|IWMS_LocationServer.src.bll.LocationInfoParser|@@@@@@@@@@@ SceneId 1

2017-05-09 17:06:09.7068|INFO|IWMS_LocationServer.src.bll.Session|===>: { "terminalId": "TerminalID", "msgId": "MSG_ID_NOTIFY", "data": { "subjectData": { "tagLocation": { "tagSn": "1001", "distanceData": [ { "anchorSn": "ANCHOR0001", "distance": 1 }, { "anchorSn": "ANCHOR0002", "distance": 1 }, { "anchorSn": "ANCHOR0004", "distance": 1 } ], "isLocation": true, "x": 1 } } } }
2017-05-09 17:06:13.0450|INFO|IWMS_LocationServer.src.bll.LocationInfoParser|T:1001,S:3700,A:ANCHOR0001,D:1.00000,A:ANCHOR0002,D:1.00000,A:ANCHOR0004,D:1.00000
2017-05-09 17:06:13.0450|DEBUG|IWMS_LocationServer.src.bll.LocationInfoParser|########### mac_address ANCHOR0001

2017-05-09 17:06:13.0450|DEBUG|IWMS_LocationServer.src.bll.LocationInfoParser|@@@@@@@@@@@ SceneId 1

2017-05-09 17:06:13.0450|DEBUG|IWMS_LocationServer.src.bll.LocationInfoParser|########### mac_address ANCHOR0002

2017-05-09 17:06:13.0450|DEBUG|IWMS_LocationServer.src.bll.LocationInfoParser|@@@@@@@@@@@ SceneId 1

2017-05-09 17:06:13.0450|DEBUG|IWMS_LocationServer.src.bll.LocationInfoParser|########### mac_address ANCHOR0004

2017-05-09 17:06:13.0450|DEBUG|IWMS_LocationServer.src.bll.LocationInfoParser|@@@@@@@@@@@ SceneId 1

2017-05-09 17:06:13.0450|INFO|IWMS_LocationServer.src.bll.Session|===>: { "terminalId": "TerminalID", "msgId": "MSG_ID_NOTIFY", "data": { "subjectData": { "tagLocation": { "tagSn": "1001", "distanceData": [ { "anchorSn": "ANCHOR0001", "distance": 1 }, { "anchorSn": "ANCHOR0002", "distance": 1 }, { "anchorSn": "ANCHOR0004", "distance": 1 } ], "isLocation": true, "x": 1 } } } }
2017-05-09 17:06:29.5410|INFO|IWMS_LocationServer.src.bll.LocationInfoParser|T:1001,S:3700,A:ANCHOR0003,D:1.00000,A:ANCHOR0007,D:1.00000,A:ANCHOR0004,D:1.00000
2017-05-09 17:06:29.5410|DEBUG|IWMS_LocationServer.src.bll.LocationInfoParser|########### mac_address ANCHOR0003

2017-05-09 17:06:29.5490|DEBUG|IWMS_LocationServer.src.bll.LocationInfoParser|@@@@@@@@@@@ SceneId 1

2017-05-09 17:06:29.5490|DEBUG|IWMS_LocationServer.src.bll.LocationInfoParser|########### mac_address ANCHOR0007

2017-05-09 17:06:29.5490|DEBUG|IWMS_LocationServer.src.bll.LocationInfoParser|@@@@@@@@@@@ SceneId 1

2017-05-09 17:06:29.5490|DEBUG|IWMS_LocationServer.src.bll.LocationInfoParser|########### mac_address ANCHOR0004

2017-05-09 17:06:29.5490|DEBUG|IWMS_LocationServer.src.bll.LocationInfoParser|@@@@@@@@@@@ SceneId 1

2017-05-09 17:06:29.5490|INFO|IWMS_LocationServer.src.bll.Session|===>: { "terminalId": "TerminalID", "msgId": "MSG_ID_NOTIFY", "data": { "subjectData": { "tagLocation": { "tagSn": "1001", "distanceData": [ { "anchorSn": "ANCHOR0003", "distance": 1 }, { "anchorSn": "ANCHOR0007", "distance": 1 }, { "anchorSn": "ANCHOR0004", "distance": 1 } ], "isLocation": true, "x": 1, "y": 2 } } } }
2017-05-09 17:06:44.9258|INFO|IWMS_LocationServer.src.bll.LocationInfoParser|T:1001,S:3700,A:ANCHOR0001,D:1.00000,A:ANCHOR0002,D:1.00000,A:ANCHOR0004,D:1.00000
2017-05-09 17:06:44.9258|DEBUG|IWMS_LocationServer.src.bll.LocationInfoParser|########### mac_address ANCHOR0001

2017-05-09 17:06:44.9278|DEBUG|IWMS_LocationServer.src.bll.LocationInfoParser|@@@@@@@@@@@ SceneId 1

2017-05-09 17:06:44.9278|DEBUG|IWMS_LocationServer.src.bll.LocationInfoParser|########### mac_address ANCHOR0002

2017-05-09 17:06:44.9278|DEBUG|IWMS_LocationServer.src.bll.LocationInfoParser|@@@@@@@@@@@ SceneId 1

2017-05-09 17:06:44.9278|DEBUG|IWMS_LocationServer.src.bll.LocationInfoParser|########### mac_address ANCHOR0004

2017-05-09 17:06:44.9278|DEBUG|IWMS_LocationServer.src.bll.LocationInfoParser|@@@@@@@@@@@ SceneId 1

2017-05-09 17:06:44.9278|INFO|IWMS_LocationServer.src.bll.Session|===>: { "terminalId": "TerminalID", "msgId": "MSG_ID_NOTIFY", "data": { "subjectData": { "tagLocation": { "tagSn": "1001", "distanceData": [ { "anchorSn": "ANCHOR0001", "distance": 1 }, { "anchorSn": "ANCHOR0002", "distance": 1 }, { "anchorSn": "ANCHOR0004", "distance": 1 } ], "isLocation": true, "x": 1 } } } }
2017-05-09 17:08:20.5103|INFO|IWMS_LocationServer.src.bll.Session|timeout!
